<?xml version="1.0" encoding="UTF-8"?>
<testsuite xmlns:xsi="http://www.w3.org/2001/XMLSchema-instance" xsi:noNamespaceSchemaLocation="https://maven.apache.org/surefire/maven-surefire-plugin/xsd/surefire-test-report-3.0.xsd" version="3.0" name="TestSuite" time="55.779" tests="9" errors="0" skipped="0" failures="2">
  <properties>
[...]
</properties>
  <testcase name="staticDropDownCase0" classname="testCases.url1TestCases" time="19.6">
    <system-out><![CDATA[Chrome driver initiated
]]></system-out>
    <system-err><![CDATA[SLF4J: Failed to load class "org.slf4j.impl.StaticLoggerBinder".
SLF4J: Defaulting to no-operation (NOP) logger implementation
SLF4J: See http://www.slf4j.org/codes.html#StaticLoggerBinder for further details.
Starting ChromeDriver 95.0.4638.10 (970bcf99e2bb66a6e724fc5a2806974c7d7a0e8d-refs/branch-heads/4638@{#87}) on port 2417
Only local connections are allowed.
Please see https://chromedriver.chromium.org/security-considerations for suggestions on keeping ChromeDriver safe.
ChromeDriver was started successfully.
Oct 28, 2021 2:04:14 PM org.openqa.selenium.remote.ProtocolHandshake createSession
INFO: Detected dialect: W3C
Oct 28, 2021 2:04:15 PM org.openqa.selenium.devtools.CdpVersionFinder findNearestMatch
WARNING: Unable to find an exact match for CDP version 95, so returning the closest version found: 94
Oct 28, 2021 2:04:15 PM org.openqa.selenium.devtools.CdpVersionFinder findNearestMatch
INFO: Found CDP implementation for version 95 of 94
]]></system-err>
  </testcase>
  <testcase name="staticDropDownCase1" classname="testCases.url1TestCases" time="3.061">
    <system-out><![CDATA[currencyDropDown button has been clicked.
]]></system-out>
  </testcase>
  <testcase name="staticDropDownCase2" classname="testCases.url1TestCases" time="2.019">
    <system-out><![CDATA[This are all the options = Select
This are all the options = INR
This are all the options = AED
This are all the options = USD
Select
USD
INR
The Final Currency is INR
]]></system-out>
  </testcase>
  <testcase name="staticDropDownCase3" classname="testCases.url1TestCases" time="7.135">
    <system-out><![CDATA[64
This are the options = Adampur (AIP)
The FROM Location is not available
This are the options = Ahmedabad (AMD)
The FROM Location is not available
This are the options = Amritsar (ATQ)
The FROM Location is not available
This are the options = Bagdogra (IXB)
The FROM Location is not available
This are the options = Belagavi (IXG)
The FROM Location is not available
This are the options = Bengaluru (BLR)

The from location has been selected
]]></system-out>
  </testcase>
  <testcase name="staticDropDownCase4" classname="testCases.url1TestCases" time="5.604">
    <system-out><![CDATA[This is the size of options = 14
This are the options = Albania
The selected option is not available
This are the options = Antigua and Barbuda
The selected option is not available
This are the options = Aruba
The selected option is not available
This are the options = Azerbaijan
The selected option is not available
This are the options = Bahamas
The option is selected

]]></system-out>
  </testcase>
  <testcase name="staticDropDownCase5" classname="testCases.url1TestCases" time="1.959">
    <failure message="expected:&lt;&gt; but was:&lt;Seachhhhasd&gt;" type="junit.framework.ComparisonFailure"><![CDATA[junit.framework.ComparisonFailure: expected:<> but was:<Seachhhhasd>
	at testCases.url1TestCases.staticDropDownCase5(url1TestCases.java:134)
]]></failure>
    <system-out><![CDATA[
]]></system-out>
  </testcase>
  <testcase name="staticDropDownCase6" classname="testCases.url1TestCases" time="0.967">
    <system-out><![CDATA[This is the size of the checklist =5
Invalid checkbox
The checkbox is selected
Invalid checkbox
Invalid checkbox
Invalid checkbox
true
]]></system-out>
  </testcase>
  <testcase name="staticDropDownCase7" classname="testCases.url1TestCases" time="3.107">
    <system-out><![CDATA[This are the month =October 2021
This are the available dates =  
Date has been not selected 

This are the available dates =  
Date has been not selected 

This are the available dates =  
Date has been not selected 

This are the available dates =  
Date has been not selected 

This are the available dates =  
Date has been not selected 

This are the available dates = 1
Date has been not selected 

This are the available dates = 2
Date has been not selected 

This are the available dates = 3
Date has been not selected 

This are the available dates = 4
Date has been not selected 

This are the available dates = 5
Date has been not selected 

This are the available dates = 6
Date has been not selected 

This are the available dates = 7
Date has been not selected 

This are the available dates = 8
Date has been not selected 

This are the available dates = 9
Date has been not selected 

This are the available dates = 10
Date has been not selected 

This are the available dates = 11
Date has been not selected 

This are the available dates = 12
Date has been not selected 

This are the available dates = 13
Date has been not selected 

This are the available dates = 14
Date has been not selected 

This are the available dates = 15
Date has been not selected 

This are the available dates = 16
Date has been not selected 

This are the available dates = 17
Date has been not selected 

This are the available dates = 18
Date has been not selected 

This are the available dates = 19
Date has been not selected 

This are the available dates = 20
Date has been not selected 

This are the available dates = 21
Date has been not selected 

This are the available dates = 22
Date has been not selected 

This are the available dates = 23
Date has been not selected 

This are the available dates = 24
Date has been not selected 

This are the available dates = 25
Date has been not selected 

This are the available dates = 26
Date has been not selected 

This are the available dates = 27
Date has been not selected 

This are the available dates = 28
Date has been selected 
The month is been selected
]]></system-out>
  </testcase>
  <testcase name="staticDropDownCase8" classname="testCases.url1TestCases" time="6.145">
    <failure message="element click intercepted: Element &lt;span class=&quot;pax-add pax-disabled&quot; id=&quot;hrefIncChd&quot; disabled=&quot;disabled&quot;&gt;...&lt;/span&gt; is not clickable at point (1301, 329). Other element would receive the click: &lt;div class=&quot;ad-row-right&quot;&gt;...&lt;/div&gt;&#10;  (Session info: chrome=95.0.4638.54)&#10;Build info: version: &apos;4.0.0-rc-2&apos;, revision: &apos;8d1e4aa5ae&apos;&#10;System info: host: &apos;DESKTOP-SIMJPDD&apos;, ip: &apos;192.168.1.185&apos;, os.name: &apos;Windows 10&apos;, os.arch: &apos;amd64&apos;, os.version: &apos;10.0&apos;, java.version: &apos;16.0.2&apos;&#10;Driver info: org.openqa.selenium.chrome.ChromeDriver&#10;Command: [6fea9860c25a529779180d1c924e0208, clickElement {id=51745116-2198-47f6-93e3-9b3868e5a851}]&#10;Capabilities {acceptInsecureCerts: false, browserName: chrome, browserVersion: 95.0.4638.54, chrome: {chromedriverVersion: 95.0.4638.10 (970bcf99e2bb6..., userDataDir: C:\Users\HP\AppData\Local\T...}, goog:chromeOptions: {debuggerAddress: localhost:54665}, javascriptEnabled: true, networkConnectionEnabled: false, pageLoadStrategy: normal, platform: WINDOWS, platformName: WINDOWS, proxy: Proxy(), se:cdp: ws://localhost:54665/devtoo..., se:cdpVersion: 95.0.4638.54, setWindowRect: true, strictFileInteractability: false, timeouts: {implicit: 0, pageLoad: 300000, script: 30000}, unhandledPromptBehavior: dismiss and notify, webauthn:extension:credBlob: true, webauthn:extension:largeBlob: true, webauthn:virtualAuthenticators: true}&#10;Element: [[ChromeDriver: chrome on WINDOWS (6fea9860c25a529779180d1c924e0208)] -&gt; xpath: //div[@class=&apos;ad-row-right&apos;] //span[@id=&apos;hrefIncChd&apos;]]&#10;Session ID: 6fea9860c25a529779180d1c924e0208" type="org.openqa.selenium.ElementClickInterceptedException"><![CDATA[org.openqa.selenium.ElementClickInterceptedException: 
element click intercepted: Element <span class="pax-add pax-disabled" id="hrefIncChd" disabled="disabled">...</span> is not clickable at point (1301, 329). Other element would receive the click: <div class="ad-row-right">...</div>
  (Session info: chrome=95.0.4638.54)
Build info: version: '4.0.0-rc-2', revision: '8d1e4aa5ae'
System info: host: 'DESKTOP-SIMJPDD', ip: '192.168.1.185', os.name: 'Windows 10', os.arch: 'amd64', os.version: '10.0', java.version: '16.0.2'
Driver info: org.openqa.selenium.chrome.ChromeDriver
Command: [6fea9860c25a529779180d1c924e0208, clickElement {id=51745116-2198-47f6-93e3-9b3868e5a851}]
Capabilities {acceptInsecureCerts: false, browserName: chrome, browserVersion: 95.0.4638.54, chrome: {chromedriverVersion: 95.0.4638.10 (970bcf99e2bb6..., userDataDir: C:\Users\HP\AppData\Local\T...}, goog:chromeOptions: {debuggerAddress: localhost:54665}, javascriptEnabled: true, networkConnectionEnabled: false, pageLoadStrategy: normal, platform: WINDOWS, platformName: WINDOWS, proxy: Proxy(), se:cdp: ws://localhost:54665/devtoo..., se:cdpVersion: 95.0.4638.54, setWindowRect: true, strictFileInteractability: false, timeouts: {implicit: 0, pageLoad: 300000, script: 30000}, unhandledPromptBehavior: dismiss and notify, webauthn:extension:credBlob: true, webauthn:extension:largeBlob: true, webauthn:virtualAuthenticators: true}
Element: [[ChromeDriver: chrome on WINDOWS (6fea9860c25a529779180d1c924e0208)] -> xpath: //div[@class='ad-row-right'] //span[@id='hrefIncChd']]
Session ID: 6fea9860c25a529779180d1c924e0208
	at testCases.url1TestCases.staticDropDownCase8(url1TestCases.java:239)
]]></failure>
    <system-out><![CDATA[This is the length of passenger options =3
This is the option Text =ADULT
Please select the correct option
This is the option Text =CHILD
]]></system-out>
  </testcase>
</testsuite>