<?xml version="1.0" encoding="UTF-8"?>
<!-- Generated by org.testng.reporters.JUnitXMLReporter -->
<testsuite ignored="0" hostname="DESKTOP-SIMJPDD" failures="1" tests="8" name="url1TestCases" time="51.6" errors="0" timestamp="2021-11-03T19:17:20 IST">
  <testcase classname="testCases.url1TestCases" name="staticDropDownCase1" time="2.917"/>
  <testcase classname="testCases.url1TestCases" name="staticDropDownCase2" time="2.31"/>
  <testcase classname="testCases.url1TestCases" name="staticDropDownCase3" time="6.296"/>
  <testcase classname="testCases.url1TestCases" name="staticDropDownCase4" time="5.549"/>
  <testcase classname="testCases.url1TestCases" name="staticDropDownCase5" time="1.106">
    <failure type="junit.framework.ComparisonFailure" message="expected:&amp;lt;&amp;gt; but was:&amp;lt;Seachhhhasd&amp;gt;">
      <![CDATA[junit.framework.ComparisonFailure: expected:<> but was:<Seachhhhasd>
at junit.framework.Assert.assertEquals(Assert.java:81)
at junit.framework.Assert.assertEquals(Assert.java:87)
at testCases.url1TestCases.staticDropDownCase5(url1TestCases.java:134)
at java.base/java.util.ArrayList.forEach(ArrayList.java:1511)
... Removed 27 stack frames]]>
    </failure>
  </testcase> <!-- staticDropDownCase5 -->
  <testcase classname="testCases.url1TestCases" name="staticDropDownCase6" time="1.022"/>
  <testcase classname="testCases.url1TestCases" name="staticDropDownCase7" time="1.093"/>
  <testcase classname="testCases.url1TestCases" name="staticDropDownCase8" time="16.266"/>
</testsuite> <!-- url1TestCases -->
