<?xml version="1.0" encoding="UTF-8"?>
<!-- Generated by org.testng.reporters.JUnitXMLReporter -->
<testsuite ignored="0" hostname="DESKTOP-SIMJPDD" failures="0" tests="4" name="Validating Things" time="46.49" errors="0" timestamp="2021-10-12T01:04:52 IST">
  <testcase classname="testCase.validatingThings" name="validateThings" time="0.398"/>
  <testcase classname="testCase.validatingThings" name="verifyTabVisible" time="0.508"/>
  <testcase classname="testCase.testCase" name="homePage" time="5.304"/>
  <testcase classname="testCase.testCase" name="homePage" time="2.025"/>
</testsuite> <!-- Validating Things -->
