<?xml version="1.0" encoding="UTF-8"?>
<testng-results ignored="0" total="1" passed="1" failed="0" skipped="0">
  <reporter-output>
  </reporter-output>
  <suite started-at="2021-11-30T12:05:46 IST" name="Default suite" finished-at="2021-11-30T12:05:46 IST" duration-ms="87">
    <groups>
    </groups>
    <test started-at="2021-11-30T12:05:46 IST" name="Default test" finished-at="2021-11-30T12:05:46 IST" duration-ms="87">
      <class name="methodExplanation.arrayListMethods">
        <test-method signature="methods()[pri:0, instance:methodExplanation.arrayListMethods@7fee8714]" started-at="2021-11-30T12:05:46 IST" name="methods" finished-at="2021-11-30T12:05:46 IST" duration-ms="26" status="PASS">
          <reporter-output>
          </reporter-output>
        </test-method> <!-- methods -->
      </class> <!-- methodExplanation.arrayListMethods -->
    </test> <!-- Default test -->
  </suite> <!-- Default suite -->
</testng-results>
