<?xml version="1.0" encoding="UTF-8"?>
<testng-results ignored="0" total="6" passed="5" failed="1" skipped="0">
  <reporter-output>
  </reporter-output>
  <suite started-at="2021-10-26T16:05:30 IST" name="Suite" finished-at="2021-10-26T16:06:35 IST" duration-ms="64863">
    <groups>
    </groups>
    <test started-at="2021-10-26T16:05:30 IST" name="User Cridentials and other" finished-at="2021-10-26T16:06:23 IST" duration-ms="52830">
      <class name="testCase.testCase">
        <test-method is-config="true" signature="driverLife()[pri:0, instance:testCase.testCase@162be91c]" started-at="2021-10-26T16:05:30 IST" name="driverLife" finished-at="2021-10-26T16:05:53 IST" duration-ms="23006" status="PASS">
          <reporter-output>
          </reporter-output>
        </test-method> <!-- driverLife -->
        <test-method signature="homePage(java.lang.String,java.lang.String,java.lang.String)[pri:0, instance:testCase.testCase@162be91c]" started-at="2021-10-26T16:05:53 IST" name="homePage" data-provider="loginDetails" finished-at="2021-10-26T16:06:00 IST" duration-ms="6324" status="PASS">
          <params>
            <param index="0">
              <value>
                <![CDATA[Vikascr51@gmail.com]]>
              </value>
            </param>
            <param index="1">
              <value>
                <![CDATA[ABC123]]>
              </value>
            </param>
            <param index="2">
              <value>
                <![CDATA[Valid User details]]>
              </value>
            </param>
          </params>
          <reporter-output>
          </reporter-output>
        </test-method> <!-- homePage -->
        <test-method is-config="true" signature="closeDriver()[pri:0, instance:testCase.testCase@162be91c]" started-at="2021-10-26T16:06:00 IST" name="closeDriver" finished-at="2021-10-26T16:06:05 IST" duration-ms="5113" status="PASS">
          <reporter-output>
          </reporter-output>
        </test-method> <!-- closeDriver -->
        <test-method is-config="true" signature="driverLife()[pri:0, instance:testCase.testCase@162be91c]" started-at="2021-10-26T16:06:05 IST" name="driverLife" finished-at="2021-10-26T16:06:16 IST" duration-ms="11401" status="PASS">
          <reporter-output>
          </reporter-output>
        </test-method> <!-- driverLife -->
        <test-method signature="homePage(java.lang.String,java.lang.String,java.lang.String)[pri:0, instance:testCase.testCase@162be91c]" started-at="2021-10-26T16:06:16 IST" name="homePage" data-provider="loginDetails" finished-at="2021-10-26T16:06:21 IST" duration-ms="5267" status="PASS">
          <params>
            <param index="0">
              <value>
                <![CDATA[Vikascr61@gmail.com]]>
              </value>
            </param>
            <param index="1">
              <value>
                <![CDATA[ABC567]]>
              </value>
            </param>
            <param index="2">
              <value>
                <![CDATA[Invalid User details]]>
              </value>
            </param>
          </params>
          <reporter-output>
          </reporter-output>
        </test-method> <!-- homePage -->
        <test-method is-config="true" signature="closeDriver()[pri:0, instance:testCase.testCase@162be91c]" started-at="2021-10-26T16:06:21 IST" name="closeDriver" finished-at="2021-10-26T16:06:23 IST" duration-ms="1649" status="PASS">
          <reporter-output>
          </reporter-output>
        </test-method> <!-- closeDriver -->
      </class> <!-- testCase.testCase -->
    </test> <!-- User Cridentials and other -->
    <test started-at="2021-10-26T16:05:30 IST" name="Validating Things" finished-at="2021-10-26T16:06:35 IST" duration-ms="64863">
      <class name="testCase.testCase">
        <test-method is-config="true" signature="driverLife()[pri:0, instance:testCase.testCase@58e6d4b8]" started-at="2021-10-26T16:05:57 IST" name="driverLife" finished-at="2021-10-26T16:06:15 IST" duration-ms="17991" status="PASS">
          <reporter-output>
          </reporter-output>
        </test-method> <!-- driverLife -->
        <test-method signature="homePage(java.lang.String,java.lang.String,java.lang.String)[pri:0, instance:testCase.testCase@58e6d4b8]" started-at="2021-10-26T16:06:15 IST" name="homePage" data-provider="loginDetails" finished-at="2021-10-26T16:06:22 IST" duration-ms="6823" status="PASS">
          <params>
            <param index="0">
              <value>
                <![CDATA[Vikascr51@gmail.com]]>
              </value>
            </param>
            <param index="1">
              <value>
                <![CDATA[ABC123]]>
              </value>
            </param>
            <param index="2">
              <value>
                <![CDATA[Valid User details]]>
              </value>
            </param>
          </params>
          <reporter-output>
          </reporter-output>
        </test-method> <!-- homePage -->
        <test-method is-config="true" signature="closeDriver()[pri:0, instance:testCase.testCase@58e6d4b8]" started-at="2021-10-26T16:06:22 IST" name="closeDriver" finished-at="2021-10-26T16:06:23 IST" duration-ms="1133" status="PASS">
          <reporter-output>
          </reporter-output>
        </test-method> <!-- closeDriver -->
        <test-method is-config="true" signature="driverLife()[pri:0, instance:testCase.testCase@58e6d4b8]" started-at="2021-10-26T16:06:23 IST" name="driverLife" finished-at="2021-10-26T16:06:32 IST" duration-ms="9719" status="PASS">
          <reporter-output>
          </reporter-output>
        </test-method> <!-- driverLife -->
        <test-method signature="homePage(java.lang.String,java.lang.String,java.lang.String)[pri:0, instance:testCase.testCase@58e6d4b8]" started-at="2021-10-26T16:06:32 IST" name="homePage" data-provider="loginDetails" finished-at="2021-10-26T16:06:35 IST" duration-ms="2179" status="PASS">
          <params>
            <param index="0">
              <value>
                <![CDATA[Vikascr61@gmail.com]]>
              </value>
            </param>
            <param index="1">
              <value>
                <![CDATA[ABC567]]>
              </value>
            </param>
            <param index="2">
              <value>
                <![CDATA[Invalid User details]]>
              </value>
            </param>
          </params>
          <reporter-output>
          </reporter-output>
        </test-method> <!-- homePage -->
        <test-method is-config="true" signature="closeDriver()[pri:0, instance:testCase.testCase@58e6d4b8]" started-at="2021-10-26T16:06:35 IST" name="closeDriver" finished-at="2021-10-26T16:06:35 IST" duration-ms="328" status="PASS">
          <reporter-output>
          </reporter-output>
        </test-method> <!-- closeDriver -->
      </class> <!-- testCase.testCase -->
      <class name="testCase.validatingThings">
        <test-method is-config="true" signature="driverLife()[pri:0, instance:testCase.validatingThings@1bc715b8]" started-at="2021-10-26T16:05:30 IST" name="driverLife" finished-at="2021-10-26T16:05:53 IST" duration-ms="23056" status="PASS">
          <reporter-output>
          </reporter-output>
        </test-method> <!-- driverLife -->
        <test-method signature="validateThings()[pri:0, instance:testCase.validatingThings@1bc715b8]" started-at="2021-10-26T16:05:53 IST" name="validateThings" finished-at="2021-10-26T16:05:55 IST" duration-ms="1230" status="FAIL">
          <exception class="junit.framework.ComparisonFailure">
            <message>
              <![CDATA[expected:<...> but was:<...1235>]]>
            </message>
            <full-stacktrace>
              <![CDATA[junit.framework.ComparisonFailure: expected:<...> but was:<...1235>
at junit.framework.Assert.assertEquals(Assert.java:81)
at junit.framework.Assert.assertEquals(Assert.java:87)
at testCase.validatingThings.validateThings(validatingThings.java:33)
at java.base/jdk.internal.reflect.NativeMethodAccessorImpl.invoke0(Native Method)
at java.base/jdk.internal.reflect.NativeMethodAccessorImpl.invoke(NativeMethodAccessorImpl.java:78)
at java.base/jdk.internal.reflect.DelegatingMethodAccessorImpl.invoke(DelegatingMethodAccessorImpl.java:43)
at java.base/java.lang.reflect.Method.invoke(Method.java:567)
at org.testng.internal.MethodInvocationHelper.invokeMethod(MethodInvocationHelper.java:133)
at org.testng.internal.TestInvoker.invokeMethod(TestInvoker.java:598)
at org.testng.internal.TestInvoker.invokeTestMethod(TestInvoker.java:173)
at org.testng.internal.MethodRunner.runInSequence(MethodRunner.java:46)
at org.testng.internal.TestInvoker$MethodInvocationAgent.invoke(TestInvoker.java:824)
at org.testng.internal.TestInvoker.invokeTestMethods(TestInvoker.java:146)
at org.testng.internal.TestMethodWorker.invokeTestMethods(TestMethodWorker.java:146)
at org.testng.internal.TestMethodWorker.run(TestMethodWorker.java:128)
at java.base/java.util.ArrayList.forEach(ArrayList.java:1511)
at org.testng.TestRunner.privateRun(TestRunner.java:794)
at org.testng.TestRunner.run(TestRunner.java:596)
at org.testng.SuiteRunner.runTest(SuiteRunner.java:377)
at org.testng.SuiteRunner.access$000(SuiteRunner.java:28)
at org.testng.SuiteRunner$SuiteWorker.run(SuiteRunner.java:418)
at org.testng.internal.thread.ThreadUtil.lambda$execute$0(ThreadUtil.java:64)
at java.base/java.util.concurrent.FutureTask.run(FutureTask.java:264)
at java.base/java.util.concurrent.ThreadPoolExecutor.runWorker(ThreadPoolExecutor.java:1130)
at java.base/java.util.concurrent.ThreadPoolExecutor$Worker.run(ThreadPoolExecutor.java:630)
at java.base/java.lang.Thread.run(Thread.java:831)
]]>
            </full-stacktrace>
          </exception> <!-- junit.framework.ComparisonFailure -->
          <reporter-output>
          </reporter-output>
        </test-method> <!-- validateThings -->
        <test-method signature="verifyTabVisible()[pri:0, instance:testCase.validatingThings@1bc715b8]" started-at="2021-10-26T16:05:56 IST" name="verifyTabVisible" finished-at="2021-10-26T16:05:57 IST" duration-ms="444" status="PASS">
          <reporter-output>
          </reporter-output>
        </test-method> <!-- verifyTabVisible -->
        <test-method is-config="true" signature="closeDriver()[pri:0, instance:testCase.validatingThings@1bc715b8]" started-at="2021-10-26T16:06:35 IST" name="closeDriver" finished-at="2021-10-26T16:06:35 IST" duration-ms="235" status="PASS">
          <reporter-output>
          </reporter-output>
        </test-method> <!-- closeDriver -->
      </class> <!-- testCase.validatingThings -->
    </test> <!-- Validating Things -->
  </suite> <!-- Suite -->
</testng-results>
