<?xml version="1.0" encoding="UTF-8"?>
<!-- Generated by org.testng.reporters.JUnitXMLReporter -->
<testsuite ignored="0" hostname="DESKTOP-SIMJPDD" failures="0" tests="4" name="Test" time="47.939" errors="0" timestamp="2021-10-08T17:27:58 IST">
  <testcase classname="testCase.validatingThings" name="validateThings" time="0.295"/>
  <testcase classname="testCase.validatingThings" name="verifyTabVisible" time="0.36"/>
  <testcase classname="testCase.testCase" name="homePage" time="4.312"/>
  <testcase classname="testCase.testCase" name="homePage" time="4.248"/>
</testsuite> <!-- Test -->
