<?xml version="1.0" encoding="UTF-8"?>
<!-- Generated by org.testng.reporters.JUnitXMLReporter -->
<testsuite ignored="0" hostname="DESKTOP-SIMJPDD" failures="1" tests="4" name="Validating Things" time="64.863" errors="0" timestamp="2021-10-26T16:06:35 IST">
  <testcase classname="testCase.validatingThings" name="validateThings" time="1.23">
    <failure type="junit.framework.ComparisonFailure" message="expected:&amp;lt;...&amp;gt; but was:&amp;lt;...1235&amp;gt;">
      <![CDATA[junit.framework.ComparisonFailure: expected:<...> but was:<...1235>
at junit.framework.Assert.assertEquals(Assert.java:81)
at junit.framework.Assert.assertEquals(Assert.java:87)
at testCase.validatingThings.validateThings(validatingThings.java:33)
at java.base/java.util.ArrayList.forEach(ArrayList.java:1511)
at java.base/java.util.concurrent.FutureTask.run(FutureTask.java:264)
at java.base/java.util.concurrent.ThreadPoolExecutor.runWorker(ThreadPoolExecutor.java:1130)
at java.base/java.util.concurrent.ThreadPoolExecutor$Worker.run(ThreadPoolExecutor.java:630)
at java.base/java.lang.Thread.run(Thread.java:831)
... Removed 18 stack frames]]>
    </failure>
  </testcase> <!-- validateThings -->
  <testcase classname="testCase.validatingThings" name="verifyTabVisible" time="0.444"/>
  <testcase classname="testCase.testCase" name="homePage" time="6.823"/>
  <testcase classname="testCase.testCase" name="homePage" time="2.179"/>
</testsuite> <!-- Validating Things -->
